Release 13.4 - xst O.87xd (lin64)
Copyright (c) 1995-2011 Xilinx, Inc.  All rights reserved.
--> 
Parameter TMPDIR set to xst/projnav.tmp


Total REAL time to Xst completion: 0.00 secs
Total CPU time to Xst completion: 0.05 secs
 
--> 
Parameter xsthdpdir set to xst


Total REAL time to Xst completion: 0.00 secs
Total CPU time to Xst completion: 0.05 secs
 
--> 
Reading design: banc_registres.prj

TABLE OF CONTENTS
  1) Synthesis Options Summary
  2) HDL Parsing
  3) HDL Elaboration
  4) HDL Synthesis
       4.1) HDL Synthesis Report
  5) Advanced HDL Synthesis
       5.1) Advanced HDL Synthesis Report
  6) Low Level Synthesis
  7) Partition Report
  8) Design Summary
       8.1) Primitive and Black Box Usage
       8.2) Device utilization summary
       8.3) Partition Resource Summary
       8.4) Timing Report
            8.4.1) Clock Information
            8.4.2) Asynchronous Control Signals Information
            8.4.3) Timing Summary
            8.4.4) Timing Details
            8.4.5) Cross Clock Domains Report


=========================================================================
*                      Synthesis Options Summary                        *
=========================================================================
---- Source Parameters
Input File Name                    : "banc_registres.prj"
Ignore Synthesis Constraint File   : NO

---- Target Parameters
Output File Name                   : "banc_registres"
Output Format                      : NGC
Target Device                      : xc6slx16-3-csg324

---- Source Options
Top Module Name                    : banc_registres
Automatic FSM Extraction           : YES
FSM Encoding Algorithm             : Auto
Safe Implementation                : No
FSM Style                          : LUT
RAM Extraction                     : Yes
RAM Style                          : Auto
ROM Extraction                     : Yes
Shift Register Extraction          : YES
ROM Style                          : Auto
Resource Sharing                   : YES
Asynchronous To Synchronous        : NO
Shift Register Minimum Size        : 2
Use DSP Block                      : Auto
Automatic Register Balancing       : No

---- Target Options
LUT Combining                      : Auto
Reduce Control Sets                : Auto
Add IO Buffers                     : YES
Global Maximum Fanout              : 100000
Add Generic Clock Buffer(BUFG)     : 16
Register Duplication               : YES
Optimize Instantiated Primitives   : NO
Use Clock Enable                   : Auto
Use Synchronous Set                : Auto
Use Synchronous Reset              : Auto
Pack IO Registers into IOBs        : Auto
Equivalent register Removal        : YES

---- General Options
Optimization Goal                  : Speed
Optimization Effort                : 1
Power Reduction                    : NO
Keep Hierarchy                     : No
Netlist Hierarchy                  : As_Optimized
RTL Output                         : Yes
Global Optimization                : AllClockNets
Read Cores                         : YES
Write Timing Constraints           : NO
Cross Clock Analysis               : NO
Hierarchy Separator                : /
Bus Delimiter                      : <>
Case Specifier                     : Maintain
Slice Utilization Ratio            : 100
BRAM Utilization Ratio             : 100
DSP48 Utilization Ratio            : 100
Auto BRAM Packing                  : NO
Slice Utilization Ratio Delta      : 5

=========================================================================

INFO:Xst - Part-select index evaluated to out of bound value may lead to incorrect synthesis results; it is recommended not to use them in RTL

=========================================================================
*                          HDL Parsing                                  *
=========================================================================
Parsing VHDL file "/home/remi/Bureau/SysInfo/VHDL/sysinfo/banc_registres.vhd" into library work
Parsing entity <banc_registres>.
Parsing architecture <Behavioral> of entity <banc_registres>.

=========================================================================
*                            HDL Elaboration                            *
=========================================================================

Elaborating entity <banc_registres> (architecture <Behavioral>) from library <work>.
WARNING:HDLCompiler:92 - "/home/remi/Bureau/SysInfo/VHDL/sysinfo/banc_registres.vhd" Line 62: rst should be on the sensitivity list of the process
WARNING:HDLCompiler:92 - "/home/remi/Bureau/SysInfo/VHDL/sysinfo/banc_registres.vhd" Line 64: w should be on the sensitivity list of the process
WARNING:HDLCompiler:92 - "/home/remi/Bureau/SysInfo/VHDL/sysinfo/banc_registres.vhd" Line 65: aa should be on the sensitivity list of the process
WARNING:HDLCompiler:92 - "/home/remi/Bureau/SysInfo/VHDL/sysinfo/banc_registres.vhd" Line 66: banc should be on the sensitivity list of the process
WARNING:HDLCompiler:92 - "/home/remi/Bureau/SysInfo/VHDL/sysinfo/banc_registres.vhd" Line 68: ab should be on the sensitivity list of the process
WARNING:HDLCompiler:92 - "/home/remi/Bureau/SysInfo/VHDL/sysinfo/banc_registres.vhd" Line 69: banc should be on the sensitivity list of the process
WARNING:HDLCompiler:92 - "/home/remi/Bureau/SysInfo/VHDL/sysinfo/banc_registres.vhd" Line 71: data should be on the sensitivity list of the process
ERROR:HDLCompiler:1401 - "/home/remi/Bureau/SysInfo/VHDL/sysinfo/banc_registres.vhd" Line 55: Signal QA[7] in unit banc_registres is connected to following multiple drivers:
ERROR:HDLCompiler:1379 - "/home/remi/Bureau/SysInfo/VHDL/sysinfo/banc_registres.vhd" Line 58: Driver 0: output signal QA[7] of instance Latch
ERROR:HDLCompiler:1379 - "/home/remi/Bureau/SysInfo/VHDL/sysinfo/banc_registres.vhd" Line 55: Driver 1: output signal QA[7] of instance Latch
ERROR:HDLCompiler:1401 - "/home/remi/Bureau/SysInfo/VHDL/sysinfo/banc_registres.vhd" Line 56: Signal QB[7] in unit banc_registres is connected to following multiple drivers:
ERROR:HDLCompiler:1379 - "/home/remi/Bureau/SysInfo/VHDL/sysinfo/banc_registres.vhd" Line 56: Driver 1: output signal QB[7] of instance Latch
--> 


Total memory usage is 315696 kilobytes

Number of errors   :    5 (   0 filtered)
Number of warnings :    7 (   0 filtered)
Number of infos    :    1 (   0 filtered)

